Determining if the pthread_create exist failed with the following output:
Change Dir: /home/pi/broadcom-master/brcm_usrlib/dag/vmcsx/build/raspberry/release/CMakeFiles/CMakeTmp

Run Build Command:/usr/bin/make "cmTryCompileExec439729150/fast"
/usr/bin/make -f CMakeFiles/cmTryCompileExec439729150.dir/build.make CMakeFiles/cmTryCompileExec439729150.dir/build
make[1]: Entering directory `/home/pi/broadcom-master/brcm_usrlib/dag/vmcsx/build/raspberry/release/CMakeFiles/CMakeTmp'
/usr/bin/cmake -E cmake_progress_report /home/pi/broadcom-master/brcm_usrlib/dag/vmcsx/build/raspberry/release/CMakeFiles/CMakeTmp/CMakeFiles 1
Building C object CMakeFiles/cmTryCompileExec439729150.dir/CheckSymbolExists.c.o
/usr/bin/gcc   -O2 -ftree-vectorize -Wstrict-aliasing -fstrict-aliasing -Wno-multichar -Wall -Wno-unused-but-set-variable     -o CMakeFiles/cmTryCompileExec439729150.dir/CheckSymbolExists.c.o   -c /home/pi/broadcom-master/brcm_usrlib/dag/vmcsx/build/raspberry/release/CMakeFiles/CMakeTmp/CheckSymbolExists.c
Linking C executable cmTryCompileExec439729150
/usr/bin/cmake -E cmake_link_script CMakeFiles/cmTryCompileExec439729150.dir/link.txt --verbose=1
/usr/bin/gcc    -O2 -ftree-vectorize -Wstrict-aliasing -fstrict-aliasing -Wno-multichar -Wall -Wno-unused-but-set-variable      CMakeFiles/cmTryCompileExec439729150.dir/CheckSymbolExists.c.o  -o cmTryCompileExec439729150 -rdynamic 
CMakeFiles/cmTryCompileExec439729150.dir/CheckSymbolExists.c.o: In function `main':
CheckSymbolExists.c:(.text.startup+0xc): undefined reference to `pthread_create'
collect2: ld returned 1 exit status
make[1]: Leaving directory `/home/pi/broadcom-master/brcm_usrlib/dag/vmcsx/build/raspberry/release/CMakeFiles/CMakeTmp'
make[1]: *** [cmTryCompileExec439729150] Error 1
make: *** [cmTryCompileExec439729150/fast] Error 2

File /home/pi/broadcom-master/brcm_usrlib/dag/vmcsx/build/raspberry/release/CMakeFiles/CMakeTmp/CheckSymbolExists.c:
/* */
#include <pthread.h>

int main(int argc, char** argv)
{
  (void)argv;
#ifndef pthread_create
  return ((int*)(&pthread_create))[argc];
#else
  (void)argc;
  return 0;
#endif
}

Determining if the function pthread_create exists in the pthreads failed with the following output:
Change Dir: /home/pi/broadcom-master/brcm_usrlib/dag/vmcsx/build/raspberry/release/CMakeFiles/CMakeTmp

Run Build Command:/usr/bin/make "cmTryCompileExec364500246/fast"
/usr/bin/make -f CMakeFiles/cmTryCompileExec364500246.dir/build.make CMakeFiles/cmTryCompileExec364500246.dir/build
make[1]: Entering directory `/home/pi/broadcom-master/brcm_usrlib/dag/vmcsx/build/raspberry/release/CMakeFiles/CMakeTmp'
/usr/bin/cmake -E cmake_progress_report /home/pi/broadcom-master/brcm_usrlib/dag/vmcsx/build/raspberry/release/CMakeFiles/CMakeTmp/CMakeFiles 1
Building C object CMakeFiles/cmTryCompileExec364500246.dir/CheckFunctionExists.c.o
/usr/bin/gcc   -O2 -ftree-vectorize -Wstrict-aliasing -fstrict-aliasing -Wno-multichar -Wall -Wno-unused-but-set-variable  -DCHECK_FUNCTION_EXISTS=pthread_create   -o CMakeFiles/cmTryCompileExec364500246.dir/CheckFunctionExists.c.o   -c /usr/share/cmake-2.8/Modules/CheckFunctionExists.c
Linking C executable cmTryCompileExec364500246
/usr/bin/cmake -E cmake_link_script CMakeFiles/cmTryCompileExec364500246.dir/link.txt --verbose=1
/usr/bin/gcc    -O2 -ftree-vectorize -Wstrict-aliasing -fstrict-aliasing -Wno-multichar -Wall -Wno-unused-but-set-variable  -DCHECK_FUNCTION_EXISTS=pthread_create    CMakeFiles/cmTryCompileExec364500246.dir/CheckFunctionExists.c.o  -o cmTryCompileExec364500246 -rdynamic -lpthreads 
/usr/bin/ld: cannot find -lpthreads
collect2: ld returned 1 exit status
make[1]: Leaving directory `/home/pi/broadcom-master/brcm_usrlib/dag/vmcsx/build/raspberry/release/CMakeFiles/CMakeTmp'
make[1]: *** [cmTryCompileExec364500246] Error 1
make: *** [cmTryCompileExec364500246/fast] Error 2


